<?xml version="1.0" encoding="UTF-8"?>
<testsuite xmlns:xsi="http://www.w3.org/2001/XMLSchema-instance" xsi:noNamespaceSchemaLocation="https://maven.apache.org/surefire/maven-surefire-plugin/xsd/surefire-test-report.xsd" name="myProject.LeapYearTest" time="0.017" tests="4" errors="0" skipped="0" failures="0">
  <properties>
[...]
</properties>
  <testcase name="testLeapYear[0 is 1,600 leap year? true]" classname="myProject.LeapYearTest" time="0.008"/>
  <testcase name="testLeapYear[1 is 1,800 leap year? false]" classname="myProject.LeapYearTest" time="0"/>
  <testcase name="testLeapYear[2 is 2,000 leap year? true]" classname="myProject.LeapYearTest" time="0"/>
  <testcase name="testLeapYear[3 is 2,017 leap year? false]" classname="myProject.LeapYearTest" time="0"/>
</testsuite>